<?xml version="1.0" encoding="UTF-8"?>
<!-- Generated by org.testng.reporters.JUnitReportReporter -->
<testsuite skipped="0" hostname="welcome-PC" name="WM.WMTest" tests="1" failures="0" timestamp="01 Jul 2019 14:59:50 GMT" time="44.243" errors="0">
  <testcase name="freeCRMTest" time="44.243" classname="WM.WMTest"/>
</testsuite> <!-- WM.WMTest -->
